<?xml version="1.0" encoding="UTF-8"?>
<!-- Generated by org.testng.reporters.JUnitReportReporter -->
<testsuite hostname="BackendPC-03" failures="0" tests="2" name="Login" time="0.878" errors="0" timestamp="2024-12-30T14:23:22 GST" skipped="0">
  <testcase classname="Login" name="Login" time="0.593"/>
  <testcase classname="Login" name="EnterValidUser" time="0.285"/>
</testsuite> <!-- Login -->
