<?xml version="1.0" encoding="UTF-8"?>
<!-- Generated by org.testng.reporters.JUnitReportReporter -->
<testsuite hostname="BackendPC-03" failures="0" tests="5" name="PropertyHub" time="15.087" errors="0" timestamp="2024-12-30T14:23:22 GST" skipped="0">
  <testcase classname="PropertyHub" name="NavigateToNav" time="1.410"/>
  <testcase classname="PropertyHub" name="AddProperty" time="1.291"/>
  <testcase classname="PropertyHub" name="location" time="1.009"/>
  <testcase classname="PropertyHub" name="AddDetails" time="10.083"/>
  <testcase classname="PropertyHub" name="AmenitiesFacilities" time="1.294"/>
</testsuite> <!-- PropertyHub -->
