<?xml version="1.0" encoding="UTF-8"?>
<!-- Generated by org.testng.reporters.JUnitReportReporter -->
<testsuite hostname="BackendPC-03" failures="0" tests="1" name="VerifyDashboard" time="0.475" errors="0" timestamp="2024-12-30T14:23:22 GST" skipped="0">
  <testcase classname="VerifyDashboard" name="VerifyAqarySite" time="0.475"/>
</testsuite> <!-- VerifyDashboard -->
